#
# There is insufficient memory for the Java Runtime Environment to continue.
# Native memory allocation (malloc) failed to allocate 32744 bytes for ChunkPool::allocate
# Possible reasons:
#   The system is out of physical RAM or swap space
#   In 32 bit mode, the process size limit was hit
# Possible solutions:
#   Reduce memory load on the system
#   Increase physical memory or swap space
#   Check if swap backing store is full
#   Use 64 bit Java on a 64 bit OS
#   Decrease Java heap size (-Xmx/-Xms)
#   Decrease number of Java threads
#   Decrease Java thread stack sizes (-Xss)
#   Set larger code cache with -XX:ReservedCodeCacheSize=
# This output file may be truncated or incomplete.
#
#  Out of Memory Error (allocation.cpp:273), pid=25296, tid=10808
#
# JRE version: Java(TM) SE Runtime Environment (8.0_45-b15) (build 1.8.0_45-b15)
# Java VM: Java HotSpot(TM) 64-Bit Server VM (25.45-b02 mixed mode windows-amd64 compressed oops)
# Failed to write core dump. Minidumps are not enabled by default on client versions of Windows
#

---------------  T H R E A D  ---------------

Current thread (0x000000001ca28800):  JavaThread "C2 CompilerThread0" daemon [_thread_in_native, id=10808, stack(0x000000001f010000,0x000000001f110000)]

Stack: [0x000000001f010000,0x000000001f110000]
Native frames: (J=compiled Java code, j=interpreted, Vv=VM code, C=native code)
V  [jvm.dll+0x32b57a]
V  [jvm.dll+0x279873]
V  [jvm.dll+0x27a509]
V  [jvm.dll+0x271825]
V  [jvm.dll+0xcb804]
V  [jvm.dll+0xcba27]
V  [jvm.dll+0xcbeac]
V  [jvm.dll+0x4975e0]
V  [jvm.dll+0x497855]
V  [jvm.dll+0x493a5c]
V  [jvm.dll+0x45f8f8]
V  [jvm.dll+0x46a73b]
V  [jvm.dll+0x46cd52]
V  [jvm.dll+0x4500f2]
V  [jvm.dll+0xa4352]
V  [jvm.dll+0xa4c8f]
V  [jvm.dll+0x241984]
V  [jvm.dll+0x29853a]
C  [msvcr100.dll+0x21d9f]
C  [msvcr100.dll+0x21e3b]
C  [KERNEL32.DLL+0x17614]
C  [ntdll.dll+0x526a1]


Current CompileTask:
C2:   3400 2662   !   4       org.apache.maven.model.Plugin::clone (204 bytes)


---------------  P R O C E S S  ---------------

Java Threads: ( => current thread )
  0x000000001eb3c000 JavaThread "Service Thread" daemon [_thread_blocked, id=24940, stack(0x000000001f410000,0x000000001f510000)]
  0x000000001ca2e000 JavaThread "C1 CompilerThread3" daemon [_thread_in_native, id=21028, stack(0x000000001f310000,0x000000001f410000)]
  0x000000001eaa0000 JavaThread "C2 CompilerThread2" daemon [_thread_in_native, id=24072, stack(0x000000001f210000,0x000000001f310000)]
  0x000000001ca2a800 JavaThread "C2 CompilerThread1" daemon [_thread_in_native, id=3768, stack(0x000000001f110000,0x000000001f210000)]
=>0x000000001ca28800 JavaThread "C2 CompilerThread0" daemon [_thread_in_native, id=10808, stack(0x000000001f010000,0x000000001f110000)]
  0x000000001ea96000 JavaThread "Attach Listener" daemon [_thread_blocked, id=10048, stack(0x000000001ef10000,0x000000001f010000)]
  0x000000001ea95000 JavaThread "Signal Dispatcher" daemon [_thread_blocked, id=10528, stack(0x000000001ee10000,0x000000001ef10000)]
  0x000000000306b800 JavaThread "Finalizer" daemon [_thread_blocked, id=18584, stack(0x000000001e910000,0x000000001ea10000)]
  0x000000001ca1d000 JavaThread "Reference Handler" daemon [_thread_blocked, id=22664, stack(0x000000001e810000,0x000000001e910000)]
  0x0000000002e6e800 JavaThread "main" [_thread_in_Java, id=14936, stack(0x0000000002e70000,0x0000000002f70000)]

Other Threads:
  0x000000001ca19000 VMThread [stack: 0x000000001e710000,0x000000001e810000] [id=6868]
  0x000000001eac7800 WatcherThread [stack: 0x000000001f510000,0x000000001f610000] [id=25292]

VM state:not at safepoint (normal execution)

VM Mutex/Monitor currently owned by a thread: None

Heap:
 PSYoungGen      total 75776K, used 35423K [0x000000076b780000, 0x0000000774b80000, 0x00000007c0000000)
  eden space 65024K, 37% used [0x000000076b780000,0x000000076cf9da98,0x000000076f700000)
  from space 10752K, 99% used [0x0000000770180000,0x0000000770bfa420,0x0000000770c00000)
  to   space 10752K, 0% used [0x000000076f700000,0x000000076f700000,0x0000000770180000)
 ParOldGen       total 173568K, used 1590K [0x00000006c2600000, 0x00000006ccf80000, 0x000000076b780000)
  object space 173568K, 0% used [0x00000006c2600000,0x00000006c278dbb8,0x00000006ccf80000)
 Metaspace       used 15995K, capacity 16236K, committed 16384K, reserved 1062912K
  class space    used 1877K, capacity 1978K, committed 2048K, reserved 1048576K

Card table byte_map: [0x0000000012430000,0x0000000012c20000] byte_map_base: 0x000000000ee1d000

Marking Bits: (ParMarkBitMap*) 0x00000000638e4040
 Begin Bits: [0x0000000013970000, 0x00000000178d8000)
 End Bits:   [0x00000000178d8000, 0x000000001b840000)

Polling page: 0x00000000011d0000

CodeCache: size=245760Kb used=9065Kb max_used=9065Kb free=236694Kb
 bounds [0x0000000003070000, 0x0000000003960000, 0x0000000012070000]
 total_blobs=3089 nmethods=2722 adapters=279
 compilation: enabled

Compilation events (10 events):
Event: 3.370 Thread 0x000000001ca2e000 nmethod 2697 0x000000000392f110 code [0x000000000392f320, 0x000000000392fc98]
Event: 3.370 Thread 0x000000001ca2e000 2698       3       java.util.ArrayList$SubList$1::next (79 bytes)
Event: 3.370 Thread 0x000000001ca2e000 nmethod 2698 0x0000000003930190 code [0x0000000003930340, 0x00000000039308c8]
Event: 3.370 Thread 0x000000001ca2e000 2699       3       java.util.Vector::<init> (7 bytes)
Event: 3.370 Thread 0x000000001ca2e000 nmethod 2699 0x0000000003930bd0 code [0x0000000003930d40, 0x0000000003930f48]
Event: 3.371 Thread 0x000000001ca2e000 2700       3       org.apache.maven.artifact.ArtifactUtils::key (51 bytes)
Event: 3.372 Thread 0x000000001ca2e000 nmethod 2700 0x0000000003931010 code [0x0000000003931240, 0x0000000003931d68]
Event: 3.373 Thread 0x000000001ca2e000 2702       3       org.eclipse.aether.resolution.VersionRequest::setTrace (7 bytes)
Event: 3.374 Thread 0x000000001ca2e000 nmethod 2702 0x00000000039321d0 code [0x0000000003932320, 0x0000000003932490]
Event: 3.374 Thread 0x000000001ca2e000 2703       3       org.apache.maven.repository.internal.DefaultVersionResolver::resolveVersion (953 bytes)

GC Heap History (4 events):
Event: 2.119 GC heap before
{Heap before GC invocations=1 (full 0):
 PSYoungGen      total 75776K, used 65024K [0x000000076b780000, 0x0000000770c00000, 0x00000007c0000000)
  eden space 65024K, 100% used [0x000000076b780000,0x000000076f700000,0x000000076f700000)
  from space 10752K, 0% used [0x0000000770180000,0x0000000770180000,0x0000000770c00000)
  to   space 10752K, 0% used [0x000000076f700000,0x000000076f700000,0x0000000770180000)
 ParOldGen       total 173568K, used 0K [0x00000006c2600000, 0x00000006ccf80000, 0x000000076b780000)
  object space 173568K, 0% used [0x00000006c2600000,0x00000006c2600000,0x00000006ccf80000)
 Metaspace       used 11772K, capacity 11944K, committed 12032K, reserved 1060864K
  class space    used 1427K, capacity 1508K, committed 1536K, reserved 1048576K
Event: 2.141 GC heap after
Heap after GC invocations=1 (full 0):
 PSYoungGen      total 75776K, used 10168K [0x000000076b780000, 0x0000000770c00000, 0x00000007c0000000)
  eden space 65024K, 0% used [0x000000076b780000,0x000000076b780000,0x000000076f700000)
  from space 10752K, 94% used [0x000000076f700000,0x00000007700ee158,0x0000000770180000)
  to   space 10752K, 0% used [0x0000000770180000,0x0000000770180000,0x0000000770c00000)
 ParOldGen       total 173568K, used 16K [0x00000006c2600000, 0x00000006ccf80000, 0x000000076b780000)
  object space 173568K, 0% used [0x00000006c2600000,0x00000006c2604000,0x00000006ccf80000)
 Metaspace       used 11772K, capacity 11944K, committed 12032K, reserved 1060864K
  class space    used 1427K, capacity 1508K, committed 1536K, reserved 1048576K
}
Event: 3.182 GC heap before
{Heap before GC invocations=2 (full 0):
 PSYoungGen      total 75776K, used 75192K [0x000000076b780000, 0x0000000770c00000, 0x00000007c0000000)
  eden space 65024K, 100% used [0x000000076b780000,0x000000076f700000,0x000000076f700000)
  from space 10752K, 94% used [0x000000076f700000,0x00000007700ee158,0x0000000770180000)
  to   space 10752K, 0% used [0x0000000770180000,0x0000000770180000,0x0000000770c00000)
 ParOldGen       total 173568K, used 16K [0x00000006c2600000, 0x00000006ccf80000, 0x000000076b780000)
  object space 173568K, 0% used [0x00000006c2600000,0x00000006c2604000,0x00000006ccf80000)
 Metaspace       used 15705K, capacity 15962K, committed 16128K, reserved 1062912K
  class space    used 1867K, capacity 1975K, committed 2048K, reserved 1048576K
Event: 3.194 GC heap after
Heap after GC invocations=2 (full 0):
 PSYoungGen      total 75776K, used 10729K [0x000000076b780000, 0x0000000774b80000, 0x00000007c0000000)
  eden space 65024K, 0% used [0x000000076b780000,0x000000076b780000,0x000000076f700000)
  from space 10752K, 99% used [0x0000000770180000,0x0000000770bfa420,0x0000000770c00000)
  to   space 10752K, 0% used [0x000000076f700000,0x000000076f700000,0x0000000770180000)
 ParOldGen       total 173568K, used 1590K [0x00000006c2600000, 0x00000006ccf80000, 0x000000076b780000)
  object space 173568K, 0% used [0x00000006c2600000,0x00000006c278dbb8,0x00000006ccf80000)
 Metaspace       used 15705K, capacity 15962K, committed 16128K, reserved 1062912K
  class space    used 1867K, capacity 1975K, committed 2048K, reserved 1048576K
}

Deoptimization events (10 events):
Event: 2.708 Thread 0x0000000002e6e800 Uncommon trap: reason=unstable_if action=reinterpret pc=0x000000000369a044 method=org.codehaus.plexus.util.xml.pull.MXParser.nextImpl()I @ 879
Event: 2.775 Thread 0x0000000002e6e800 Uncommon trap: reason=unstable_if action=reinterpret pc=0x00000000035fb548 method=sun.nio.cs.UTF_8$Decoder.decode([BII[C)I @ 30
Event: 2.778 Thread 0x0000000002e6e800 Uncommon trap: reason=unstable_if action=reinterpret pc=0x00000000036e5b80 method=org.codehaus.plexus.util.xml.pull.MXParser.nextImpl()I @ 972
Event: 2.825 Thread 0x0000000002e6e800 Uncommon trap: reason=unstable_if action=reinterpret pc=0x00000000036c8bc4 method=org.apache.maven.model.validation.DefaultModelValidator.isValidIdCharacter(C)Z @ 51
Event: 2.857 Thread 0x0000000002e6e800 Uncommon trap: reason=unstable_if action=reinterpret pc=0x00000000035dd398 method=org.eclipse.sisu.inject.InjectorBindings.isAssignableFrom(Lcom/google/inject/TypeLiteral;Lcom/google/inject/Binding;)Z @ 14
Event: 2.928 Thread 0x0000000002e6e800 Uncommon trap: reason=null_check action=make_not_entrant pc=0x0000000003779a60 method=org.apache.maven.model.io.xpp3.MavenXpp3Reader.checkFieldWithDuplicate(Lorg/codehaus/plexus/util/xml/pull/XmlPullParser;Ljava/lang/String;Ljava/lang/String;Ljava/util/Set²¾Ü‚
Event: 3.221 Thread 0x0000000002e6e800 Uncommon trap: reason=unstable_if action=reinterpret pc=0x00000000037eb6ec method=org.codehaus.plexus.util.xml.pull.MXParser.parseAttribute()C @ 995
Event: 3.239 Thread 0x0000000002e6e800 Uncommon trap: reason=unstable_if action=reinterpret pc=0x00000000037c327c method=org.apache.maven.model.io.xpp3.MavenXpp3Reader.nextTag(Lorg/codehaus/plexus/util/xml/pull/XmlPullParser;)I @ 9
Event: 3.266 Thread 0x0000000002e6e800 Uncommon trap: reason=null_check action=make_not_entrant pc=0x00000000038bfd5c method=org.apache.maven.model.validation.DefaultModelValidator.validateEffectiveDependency(Lorg/apache/maven/model/building/ModelProblemCollector;Lorg/apache/maven/model/DependeCûýý!
@
Event: 3.267 Thread 0x0000000002e6e800 Uncommon trap: reason=unstable_if action=reinterpret pc=0x000000000361a3dc method=java.util.LinkedHashMap.afterNodeInsertion(Z)V @ 18

Internal exceptions (10 events):
Event: 2.512 Thread 0x0000000002e6e800 Exception <a 'java/lang/NullPointerException'> (0x000000076c8ff378) thrown at [C:\re\workspace\8-2-build-windows-amd64-cygwin\jdk8u45\3627\hotspot\src\share\vm\interpreter\linkResolver.cpp, line 1178]
Event: 2.512 Thread 0x0000000002e6e800 Exception <a 'java/lang/NullPointerException'> (0x000000076c8ff538) thrown at [C:\re\workspace\8-2-build-windows-amd64-cygwin\jdk8u45\3627\hotspot\src\share\vm\interpreter\linkResolver.cpp, line 1178]
Event: 2.513 Thread 0x0000000002e6e800 Exception <a 'java/lang/NullPointerException'> (0x000000076c908f98) thrown at [C:\re\workspace\8-2-build-windows-amd64-cygwin\jdk8u45\3627\hotspot\src\share\vm\interpreter\linkResolver.cpp, line 1178]
Event: 2.513 Thread 0x0000000002e6e800 Exception <a 'java/lang/NullPointerException'> (0x000000076c909158) thrown at [C:\re\workspace\8-2-build-windows-amd64-cygwin\jdk8u45\3627\hotspot\src\share\vm\interpreter\linkResolver.cpp, line 1178]
Event: 2.513 Thread 0x0000000002e6e800 Exception <a 'java/lang/NullPointerException'> (0x000000076c909318) thrown at [C:\re\workspace\8-2-build-windows-amd64-cygwin\jdk8u45\3627\hotspot\src\share\vm\interpreter\linkResolver.cpp, line 1178]
Event: 2.543 Thread 0x0000000002e6e800 Implicit null exception at 0x00000000032b2054 to 0x00000000032b23ad
Event: 2.543 Thread 0x0000000002e6e800 Implicit null exception at 0x00000000032a1dd6 to 0x00000000032a2111
Event: 2.704 Thread 0x0000000002e6e800 Implicit null exception at 0x0000000003686ce2 to 0x0000000003687fd5
Event: 2.928 Thread 0x0000000002e6e800 Implicit null exception at 0x00000000037797fe to 0x0000000003779a45
Event: 3.266 Thread 0x0000000002e6e800 Implicit null exception at 0x00000000038bf7a8 to 0x00000000038bfd39

Events (10 events):
Event: 3.221 Thread 0x0000000002e6e800 DEOPT UNPACKING pc=0x00000000030b582a sp=0x0000000002f6c650 mode 2
Event: 3.239 Thread 0x0000000002e6e800 Uncommon trap: trap_request=0xffffff65 fr.pc=0x00000000037c327c
Event: 3.239 Thread 0x0000000002e6e800 DEOPT PACKING pc=0x00000000037c327c sp=0x0000000002f6cae0
Event: 3.239 Thread 0x0000000002e6e800 DEOPT UNPACKING pc=0x00000000030b582a sp=0x0000000002f6ca78 mode 2
Event: 3.266 Thread 0x0000000002e6e800 Uncommon trap: trap_request=0xfffffff4 fr.pc=0x00000000038bfd5c
Event: 3.266 Thread 0x0000000002e6e800 DEOPT PACKING pc=0x00000000038bfd5c sp=0x0000000002f6cbd0
Event: 3.266 Thread 0x0000000002e6e800 DEOPT UNPACKING pc=0x00000000030b582a sp=0x0000000002f6cb90 mode 2
Event: 3.267 Thread 0x0000000002e6e800 Uncommon trap: trap_request=0xffffff65 fr.pc=0x000000000361a3dc
Event: 3.267 Thread 0x0000000002e6e800 DEOPT PACKING pc=0x000000000361a3dc sp=0x0000000002f6c6d0
Event: 3.267 Thread 0x0000000002e6e800 DEOPT UNPACKING pc=0x00000000030b582a sp=0x0000000002f6c658 mode 2


Dynamic libraries:
0x00007ff74e0d0000 - 0x00007ff74e107000 	C:\Program Files\Java\jdk1.8.0_45\bin\javaw.exe
0x00007ff8c7f50000 - 0x00007ff8c8148000 	C:\WINDOWS\SYSTEM32\ntdll.dll
0x00007ff8c5fa0000 - 0x00007ff8c605f000 	C:\WINDOWS\System32\KERNEL32.DLL
0x00007ff8c59b0000 - 0x00007ff8c5c82000 	C:\WINDOWS\System32\KERNELBASE.dll
0x00007ff8c6210000 - 0x00007ff8c62be000 	C:\WINDOWS\System32\ADVAPI32.dll
0x00007ff8c7690000 - 0x00007ff8c772e000 	C:\WINDOWS\System32\msvcrt.dll
0x00007ff8c6e40000 - 0x00007ff8c6edc000 	C:\WINDOWS\System32\sechost.dll
0x00007ff8c62c0000 - 0x00007ff8c63e4000 	C:\WINDOWS\System32\RPCRT4.dll
0x00007ff8c6500000 - 0x00007ff8c66a1000 	C:\WINDOWS\System32\USER32.dll
0x00007ff8c5c90000 - 0x00007ff8c5cb2000 	C:\WINDOWS\System32\win32u.dll
0x00007ff8c7850000 - 0x00007ff8c787b000 	C:\WINDOWS\System32\GDI32.dll
0x00007ff8c58a0000 - 0x00007ff8c59af000 	C:\WINDOWS\System32\gdi32full.dll
0x00007ff8c5750000 - 0x00007ff8c57ed000 	C:\WINDOWS\System32\msvcp_win.dll
0x00007ff8c5650000 - 0x00007ff8c5750000 	C:\WINDOWS\System32\ucrtbase.dll
0x00007ff8a12a0000 - 0x00007ff8a153a000 	C:\WINDOWS\WinSxS\amd64_microsoft.windows.common-controls_6595b64144ccf1df_6.0.19041.1110_none_60b5254171f9507e\COMCTL32.dll
0x00007ff8c66b0000 - 0x00007ff8c66e0000 	C:\WINDOWS\System32\IMM32.DLL
0x00000000642d0000 - 0x00000000643a2000 	C:\Program Files\Java\jdk1.8.0_45\jre\bin\msvcr100.dll
0x00000000630e0000 - 0x0000000063963000 	C:\Program Files\Java\jdk1.8.0_45\jre\bin\server\jvm.dll
0x00007ff8c6110000 - 0x00007ff8c6118000 	C:\WINDOWS\System32\PSAPI.DLL
0x00007ff8bdde0000 - 0x00007ff8bdde9000 	C:\WINDOWS\SYSTEM32\WSOCK32.dll
0x00007ff8bf2a0000 - 0x00007ff8bf2aa000 	C:\WINDOWS\SYSTEM32\VERSION.dll
0x00007ff8bea70000 - 0x00007ff8bea97000 	C:\WINDOWS\SYSTEM32\WINMM.dll
0x00007ff8c6120000 - 0x00007ff8c618b000 	C:\WINDOWS\System32\WS2_32.dll
0x00000000642c0000 - 0x00000000642cf000 	C:\Program Files\Java\jdk1.8.0_45\jre\bin\verify.dll
0x0000000064290000 - 0x00000000642b9000 	C:\Program Files\Java\jdk1.8.0_45\jre\bin\java.dll
0x00000000630c0000 - 0x00000000630d6000 	C:\Program Files\Java\jdk1.8.0_45\jre\bin\zip.dll
0x00007ff8c6f40000 - 0x00007ff8c7685000 	C:\WINDOWS\System32\SHELL32.dll
0x00007ff8c33b0000 - 0x00007ff8c3b42000 	C:\WINDOWS\SYSTEM32\windows.storage.dll
0x00007ff8c7960000 - 0x00007ff8c7cb5000 	C:\WINDOWS\System32\combase.dll
0x00007ff8c50b0000 - 0x00007ff8c50e0000 	C:\WINDOWS\SYSTEM32\Wldp.dll
0x00007ff8c6450000 - 0x00007ff8c64fd000 	C:\WINDOWS\System32\SHCORE.dll
0x00007ff8c77f0000 - 0x00007ff8c7845000 	C:\WINDOWS\System32\shlwapi.dll
0x00007ff8c5590000 - 0x00007ff8c55af000 	C:\WINDOWS\SYSTEM32\profapi.dll
0x00007ff8c5000000 - 0x00007ff8c5018000 	C:\WINDOWS\SYSTEM32\CRYPTSP.dll
0x00007ff8c4690000 - 0x00007ff8c46c4000 	C:\WINDOWS\system32\rsaenh.dll
0x00007ff8c5e20000 - 0x00007ff8c5e47000 	C:\WINDOWS\System32\bcrypt.dll
0x00007ff8c5550000 - 0x00007ff8c557e000 	C:\WINDOWS\SYSTEM32\USERENV.dll
0x00007ff8c5e50000 - 0x00007ff8c5ed2000 	C:\WINDOWS\System32\bcryptprimitives.dll
0x00007ff8c5020000 - 0x00007ff8c502c000 	C:\WINDOWS\SYSTEM32\CRYPTBASE.dll
0x0000000063080000 - 0x000000006309a000 	C:\Program Files\Java\jdk1.8.0_45\jre\bin\net.dll
0x00007ff8c4e10000 - 0x00007ff8c4e7a000 	C:\WINDOWS\system32\mswsock.dll
0x00007ff8c4ab0000 - 0x00007ff8c4aeb000 	C:\WINDOWS\SYSTEM32\IPHLPAPI.DLL
0x00007ff8c77c0000 - 0x00007ff8c77c8000 	C:\WINDOWS\System32\NSI.dll
0x00007ff8bdce0000 - 0x00007ff8bdcf7000 	C:\WINDOWS\SYSTEM32\dhcpcsvc6.DLL
0x00007ff8bd550000 - 0x00007ff8bd56d000 	C:\WINDOWS\SYSTEM32\dhcpcsvc.DLL
0x00007ff8c4af0000 - 0x00007ff8c4bbb000 	C:\WINDOWS\SYSTEM32\DNSAPI.dll
0x0000000063060000 - 0x0000000063071000 	C:\Program Files\Java\jdk1.8.0_45\jre\bin\nio.dll
0x00007ff8b5410000 - 0x00007ff8b541a000 	C:\Users\oasm\AppData\Local\Temp\jansi-1.17.1-4387499502505646368.dll
0x00007ff8c3b50000 - 0x00007ff8c3d34000 	C:\WINDOWS\SYSTEM32\dbghelp.dll

VM Arguments:
jvm_args: -Dmaven.home=EMBEDDED -Dclassworlds.conf=E:\spring environment\.metadata\.plugins\org.eclipse.m2e.launching\launches\m2conf11745005593782165.tmp -Dmaven.multiModuleProjectDirectory=E:\spring environment\btctransactioncommand-service -Djansi.force=true -Djansi.passthrough=true -Dfile.encoding=MS932 
java_command: org.codehaus.plexus.classworlds.launcher.Launcher -B clean install -Dstyle.color=always
java_class_path (initial): E:\STS 4.0\contents\sts-4.7.0.RELEASE\plugins\org.eclipse.m2e.maven.runtime_1.16.0.20200610-1735\jars\plexus-classworlds-2.6.0.jar
Launcher Type: SUN_STANDARD

Environment Variables:
JAVA_HOME=C:\Program Files\Java\jdk1.8.0_45
CLASSPATH=E:\pleiades-e4.5\tomcat\9\lib
PATH=C:/Program Files/Java/jre1.8.0_45/bin/server;C:/Program Files/Java/jre1.8.0_45/bin;C:/Program Files/Java/jre1.8.0_45/lib/amd64;C:\Program Files\WinRAR;C:\Program Files\WinRAR;C:\Program Files\Python38\Scripts\;C:\Program Files\Python38\;C:\Python310\Scripts\;C:\Python310\;C:\Python37\Scripts\;C:\Python37\;C:\ProgramData\Oracle\Java\javapath;C:\WINDOWS\system32;C:\WINDOWS;C:\WINDOWS\System32\Wbem;C:\WINDOWS\System32\WindowsPowerShell\v1.0\;C:\WINDOWS\System32\OpenSSH\;C:\Program Files\Java\jdk1.8.0_45\bin;C:\Program Files\Microsoft VS Code\bin;C:\Program Files\Git\cmd;C:\Program Files\dotnet\;C:\Program Files\Microsoft SQL Server\130\Tools\Binn\;C:\ProgramData\chocolatey\bin;C:\Program Files\Microsoft SQL Server\150\Tools\Binn\;C:\Program Files\Microsoft SQL Server\Client SDK\ODBC\170\Tools\Binn\;C:\Program Files\MongoDB\Server\6.0\bin;E:\pleiades-e4.5\tomcat\9\lib\servlet-api.jar;E:\pleiades-e4.5\tomcat\9\bin;C:\Program Files\nodejs\;C:\Users\oasm\AppData\;C:\Program Files\Cloudflare\Cloudflare WARP\;C:\Program Files\Docker\Docker\resources\bin;C:\Users\oasm\AppData\Local\Microsoft\WindowsApps;C:\Program Files\Azure Data Studio\bin;C:\Program Files\JetBrains\PyCharm 2021.3.2\bin;;C:\Program Files\JetBrains\PyCharm Edu 2021.3.3\bin;;C:\Program Files\Amazon\AWSCLIV2\aws.exe;C:\Users\oasm\.dotnet\tools;C:\Users\oasm\AppData\Local\Programs\mongosh\;E:\pleiades-e4.5\tomcat\9\bin;;C:\Program Files\JetBrains\IntelliJ IDEA 2022.2.1\bin;;C:\Program Files\JetBrains\WebStorm 2021.2.2\bin;;C:\Users\oasm\AppData\Roaming\npm;C:\Program Files\JetBrains\IntelliJ IDEA Educational Edition 2022.2\bin;;E:\STS 4.0\contents\sts-4.7.0.RELEASE;
USERNAME=oasm
OS=Windows_NT
PROCESSOR_IDENTIFIER=Intel64 Family 6 Model 142 Stepping 12, GenuineIntel



---------------  S Y S T E M  ---------------

OS: Windows 10.0 , 64 bit Build 19041 (10.0.19041.2546)

CPU:total 8 (4 cores per cpu, 2 threads per core) family 6 model 142 stepping 12, cmov, cx8, fxsr, mmx, sse, sse2, sse3, ssse3, sse4.1, sse4.2, popcnt, avx, avx2, aes, clmul, erms, 3dnowpref, lzcnt, ht, tsc, tscinvbit, bmi1, bmi2, adx

Memory: 4k page, physical 16621272k(2844140k free), swap 26069728k(1028k free)

vm_info: Java HotSpot(TM) 64-Bit Server VM (25.45-b02) for windows-amd64 JRE (1.8.0_45-b15), built on Apr 30 2015 12:40:44 by "java_re" with MS VC++ 10.0 (VS2010)

time: Tue Apr 04 13:22:39 2023
elapsed time: 3 seconds (0d 0h 0m 3s)

